commit 1e1ac904a3f7333533e3adca0a51fbeffe630007
Author: cb38255 <cb38255@cs.utexas.edu>
Date:   Sun Sep 18 13:19:45 2016 -0500

    make now prints dummy values

commit 26920c009e338f4fdbe3a25859b05fcc6a76349b
Author: cb38255 <cb38255@cs.utexas.edu>
Date:   Sat Sep 17 17:31:46 2016 -0500

    saturday edits

commit 7bd93279ce6be2826714f2076e42533784548d46
Author: cwillbounds <cwillbounds@gmail.com>
Date:   Sat Sep 17 16:16:50 2016 -0500

    Delete Untitled Document~

commit 37d6f925db51c7b16e19fcf561aea37e541d980d
Author: cb38255 <cb38255@cs.utexas.edu>
Date:   Sat Sep 17 16:12:37 2016 -0500

    new travis

commit dc41960d389e35dc3cdaa43ecb7e5f01e1966fee
Author: cb38255 <cb38255@cs.utexas.edu>
Date:   Sat Sep 17 16:06:36 2016 -0500

    initial commit
